Arguments: 
  /Users/kumagaishoutaakira/.nodenv/versions/14.17.0/bin/node /usr/local/bin/yarn client

PATH: 
  /Users/kumagaishoutaakira/.nodenv/versions/14.17.0/bin:/usr/local/Cellar/nodenv/1.4.0/libexec:/Users/kumagaishoutaakira/.nodenv/shims:/Users/kumagaishoutaakira/.nodenv/bin:/Users/kumagaishoutaakira/opt/anaconda3/bin:/usr/local/bin:/usr/bin:/bin:/usr/sbin:/sbin:/usr/local/go/bin:/usr/local/share/dotnet:~/.dotnet/tools:/Library/Apple/usr/bin:/Library/Frameworks/Mono.framework/Versions/Current/Commands

Yarn version: 
  1.22.18

Node version: 
  14.17.0

Platform: 
  darwin x64

Trace: 
  SyntaxError: /Users/kumagaishoutaakira/Desktop/iroha-app/package.json: Unexpected token } in JSON at position 656
      at JSON.parse (<anonymous>)
      at /usr/local/lib/node_modules/yarn/lib/cli.js:1625:59
      at Generator.next (<anonymous>)
      at step (/usr/local/lib/node_modules/yarn/lib/cli.js:310:30)
      at /usr/local/lib/node_modules/yarn/lib/cli.js:321:13

npm manifest: 
  {
    "name": "iroha-app",
    "private": true,
    "workspaces": {
      "packages": [
        "./packages/*"
      ]
    },
    "scripts": {
      "client": "yarn workspace michibiku-client",
      "db": "yarn workspace michibiku-db",
      "graphql": "yarn workspace michibiku-graphql",
      "server": "yarn workspace michibiku-server",
      "lint": "run-p lint:*",
      "lint:client": "yarn client lint",
      "lint:graphql": "yarn graphql lint",
      "lint:server": "yarn server lint",
      "fix": "yarn client fix && yarn graphql fix && yarn server fix",
      "migrate": "yarn db migrate:prod",
      "start:client": "yarn client start",
      "start:server": "yarn server start",
    },
    "devDependencies": {
      "husky": "^8.0.1"
    }
  }

yarn manifest: 
  No manifest

Lockfile: 
  # THIS IS AN AUTOGENERATED FILE. DO NOT EDIT THIS FILE DIRECTLY.
  # yarn lockfile v1
  
  
  husky@^8.0.1:
    version "8.0.1"
    resolved "https://registry.yarnpkg.com/husky/-/husky-8.0.1.tgz#511cb3e57de3e3190514ae49ed50f6bc3f50b3e9"
    integrity sha512-xs7/chUH/CKdOCs7Zy0Aev9e/dKOMZf3K1Az1nar3tzlv0jfqnYtu235bstsWTmXOR0EfINrPa97yy4Lz6RiKw==
