Arguments: 
  /Users/kumagaishoutaakira/.nodenv/versions/14.17.0/bin/node /usr/local/bin/yarn add -D @typescript-eslint

PATH: 
  /Users/kumagaishoutaakira/.nodenv/versions/14.17.0/bin:/usr/local/Cellar/nodenv/1.4.0/libexec:/Users/kumagaishoutaakira/.nodenv/shims:/Users/kumagaishoutaakira/.nodenv/bin:/Users/kumagaishoutaakira/opt/anaconda3/bin:/usr/local/bin:/usr/bin:/bin:/usr/sbin:/sbin:/usr/local/go/bin:/usr/local/share/dotnet:~/.dotnet/tools:/Library/Apple/usr/bin:/Library/Frameworks/Mono.framework/Versions/Current/Commands

Yarn version: 
  1.22.18

Node version: 
  14.17.0

Platform: 
  darwin x64

Trace: 
  Error: https://registry.yarnpkg.com/@typescript-eslint: Request "https://registry.yarnpkg.com/@typescript-eslint" returned a 405
      at Request.params.callback [as _callback] (/usr/local/lib/node_modules/yarn/lib/cli.js:66147:18)
      at Request.self.callback (/usr/local/lib/node_modules/yarn/lib/cli.js:140883:22)
      at Request.emit (events.js:376:20)
      at Request.<anonymous> (/usr/local/lib/node_modules/yarn/lib/cli.js:141855:10)
      at Request.emit (events.js:376:20)
      at IncomingMessage.<anonymous> (/usr/local/lib/node_modules/yarn/lib/cli.js:141777:12)
      at Object.onceWrapper (events.js:482:28)
      at IncomingMessage.emit (events.js:388:22)
      at endReadableNT (internal/streams/readable.js:1336:12)
      at processTicksAndRejections (internal/process/task_queues.js:82:21)

npm manifest: 
  {
    "name": "server",
    "version": "1.0.0",
    "main": "index.js",
    "scripts": {
      "start": "npx ts-node index.ts",
      "test": "echo \"Error: no test specified\" && exit 1"
    },
    "keywords": [],
    "author": "",
    "license": "ISC",
    "dependencies": {
      "apollo-server-express": "2.24.0",
      "express": "^4.18.1",
      "graphql": "^16.5.0"
    },
    "devDependencies": {
      "@types/express": "^4.17.13",
      "@types/node": "^18.0.5",
      "ts-node": "^10.9.1",
      "typescript": "^4.7.4"
    },
    "description": ""
  }

yarn manifest: 
  No manifest

Lockfile: 
  No lockfile
